<?xml version="1.0" encoding="UTF-8"?>
<!-- Generated by org.testng.reporters.JUnitXMLReporter -->
<testsuite hostname="GISAHOO-LAP" ignored="0" name="Free CRM Test Cases" tests="4" failures="0" timestamp="17 Mar 2019 19:31:40 GMT" time="70.881" errors="0">
  <testcase name="crmTitleTest" time="1.067" classname="com.crm.qa.testcases.LoginPageTest"/>
  <testcase name="logoTest" time="1.088" classname="com.crm.qa.testcases.LoginPageTest"/>
  <testcase name="homePageLogoTest" time="0.079" classname="com.crm.qa.testcases.HomePageTest"/>
  <testcase name="homePageTitleTest" time="0.016" classname="com.crm.qa.testcases.HomePageTest"/>
</testsuite> <!-- Free CRM Test Cases -->
