<?xml version="1.0" encoding="UTF-8"?>
<!-- Generated by org.testng.reporters.JUnitXMLReporter -->
<testsuite hostname="GISAHOO-LAP" ignored="0" name="Free CRM Test Cases" tests="4" failures="1" timestamp="06 Mar 2019 20:08:52 GMT" time="53.668" errors="0">
  <testcase name="crmTitleTest" time="1.111" classname="com.crm.qa.testcases.LoginPageTest">
    <failure type="java.lang.AssertionError" message="expected [CRMPRO  - CRM software for customer relationship management, sales, and support.] but found [CRMPRO - CRM software for customer relationship management, sales, and support.]">
      <![CDATA[java.lang.AssertionError: expected [CRMPRO  - CRM software for customer relationship management, sales, and support.] but found [CRMPRO - CRM software for customer relationship management, sales, and support.]
at com.crm.qa.testcases.LoginPageTest.crmTitleTest(LoginPageTest.java:24)
... Removed 31 stack frames]]>
    </failure>
  </testcase> <!-- crmTitleTest -->
  <testcase name="logoTest" time="0.0" classname="com.crm.qa.testcases.LoginPageTest">
    <skipped/>
  </testcase> <!-- logoTest -->
  <testcase name="homePageLogoTest" time="0.178" classname="com.crm.qa.testcases.HomePageTest"/>
  <testcase name="homePageTitleTest" time="0.016" classname="com.crm.qa.testcases.HomePageTest"/>
</testsuite> <!-- Free CRM Test Cases -->
