<?xml version="1.0" encoding="UTF-8"?>
<testng-results skipped="0" failed="0" ignored="0" total="2" passed="2">
  <reporter-output>
  </reporter-output>
  <suite name="Default suite" duration-ms="29910" started-at="2019-10-12T15:42:36Z" finished-at="2019-10-12T15:43:06Z">
    <groups>
    </groups>
    <test name="Default test" duration-ms="29910" started-at="2019-10-12T15:42:36Z" finished-at="2019-10-12T15:43:06Z">
      <class name="com.crm.qa.testcases.LoginPageTest">
        <test-method status="PASS" signature="setUp()[pri:0, instance:com.crm.qa.testcases.LoginPageTest@53b32d7]" name="setUp" is-config="true" duration-ms="14897" started-at="2019-10-12T15:42:36Z" finished-at="2019-10-12T15:42:51Z">
          <reporter-output>
          </reporter-output>
        </test-method> <!-- setUp -->
        <test-method status="PASS" signature="crmTitleTest()[pri:0, instance:com.crm.qa.testcases.LoginPageTest@53b32d7]" name="crmTitleTest" duration-ms="24" started-at="2019-10-12T15:42:51Z" finished-at="2019-10-12T15:42:51Z">
          <reporter-output>
          </reporter-output>
        </test-method> <!-- crmTitleTest -->
        <test-method status="PASS" signature="tearDown()[pri:0, instance:com.crm.qa.testcases.LoginPageTest@53b32d7]" name="tearDown" is-config="true" duration-ms="119" started-at="2019-10-12T15:42:51Z" finished-at="2019-10-12T15:42:52Z">
          <reporter-output>
          </reporter-output>
        </test-method> <!-- tearDown -->
        <test-method status="PASS" signature="setUp()[pri:0, instance:com.crm.qa.testcases.LoginPageTest@53b32d7]" name="setUp" is-config="true" duration-ms="14672" started-at="2019-10-12T15:42:52Z" finished-at="2019-10-12T15:43:06Z">
          <reporter-output>
          </reporter-output>
        </test-method> <!-- setUp -->
        <test-method status="PASS" signature="logoTest()[pri:0, instance:com.crm.qa.testcases.LoginPageTest@53b32d7]" name="logoTest" duration-ms="75" started-at="2019-10-12T15:43:06Z" depends-on-methods="com.crm.qa.testcases.LoginPageTest.crmTitleTest" finished-at="2019-10-12T15:43:06Z">
          <reporter-output>
          </reporter-output>
        </test-method> <!-- logoTest -->
        <test-method status="PASS" signature="tearDown()[pri:0, instance:com.crm.qa.testcases.LoginPageTest@53b32d7]" name="tearDown" is-config="true" duration-ms="100" started-at="2019-10-12T15:43:06Z" finished-at="2019-10-12T15:43:06Z">
          <reporter-output>
          </reporter-output>
        </test-method> <!-- tearDown -->
      </class> <!-- com.crm.qa.testcases.LoginPageTest -->
    </test> <!-- Default test -->
  </suite> <!-- Default suite -->
</testng-results>
