<?xml version="1.0" encoding="UTF-8"?>
<testng-results skipped="0" failed="0" ignored="0" total="2" passed="2">
  <reporter-output>
  </reporter-output>
  <suite name="Default suite" duration-ms="31581" started-at="2019-03-13T18:43:49Z" finished-at="2019-03-13T18:44:21Z">
    <groups>
    </groups>
    <test name="Default test" duration-ms="31581" started-at="2019-03-13T18:43:49Z" finished-at="2019-03-13T18:44:21Z">
      <class name="com.crm.qa.testcases.LoginPageTest">
        <test-method status="PASS" signature="setUp()[pri:0, instance:com.crm.qa.testcases.LoginPageTest@6a41eaa2]" name="setUp" is-config="true" duration-ms="14462" started-at="2019-03-13T18:43:49Z" finished-at="2019-03-13T18:44:04Z">
          <reporter-output>
          </reporter-output>
        </test-method> <!-- setUp -->
        <test-method status="PASS" signature="crmTitleTest()[pri:0, instance:com.crm.qa.testcases.LoginPageTest@6a41eaa2]" name="crmTitleTest" duration-ms="1102" started-at="2019-03-13T18:44:04Z" finished-at="2019-03-13T18:44:05Z">
          <reporter-output>
          </reporter-output>
        </test-method> <!-- crmTitleTest -->
        <test-method status="PASS" signature="tearDown()[pri:0, instance:com.crm.qa.testcases.LoginPageTest@6a41eaa2]" name="tearDown" is-config="true" duration-ms="0" started-at="2019-03-13T18:44:05Z" finished-at="2019-03-13T18:44:05Z">
          <reporter-output>
          </reporter-output>
        </test-method> <!-- tearDown -->
        <test-method status="PASS" signature="setUp()[pri:0, instance:com.crm.qa.testcases.LoginPageTest@6a41eaa2]" name="setUp" is-config="true" duration-ms="14530" started-at="2019-03-13T18:44:05Z" finished-at="2019-03-13T18:44:19Z">
          <reporter-output>
          </reporter-output>
        </test-method> <!-- setUp -->
        <test-method status="PASS" signature="logoTest()[pri:0, instance:com.crm.qa.testcases.LoginPageTest@6a41eaa2]" name="logoTest" duration-ms="1450" started-at="2019-03-13T18:44:19Z" depends-on-methods="com.crm.qa.testcases.LoginPageTest.crmTitleTest" finished-at="2019-03-13T18:44:21Z">
          <reporter-output>
          </reporter-output>
        </test-method> <!-- logoTest -->
        <test-method status="PASS" signature="tearDown()[pri:0, instance:com.crm.qa.testcases.LoginPageTest@6a41eaa2]" name="tearDown" is-config="true" duration-ms="1" started-at="2019-03-13T18:44:21Z" finished-at="2019-03-13T18:44:21Z">
          <reporter-output>
          </reporter-output>
        </test-method> <!-- tearDown -->
      </class> <!-- com.crm.qa.testcases.LoginPageTest -->
    </test> <!-- Default test -->
  </suite> <!-- Default suite -->
</testng-results>
